<?xml version="1.0" encoding="UTF-8"?>
<robot generator="Robot 5.0.1 (Python 3.7.4 on win32)" generated="20220526 10:50:23.943" rpa="false" schemaversion="3">
<suite id="s1" name="Testcase" source="D:\eke\robotfr\week1-2\Testcase.robot">
<test id="s1-t1" name="ึ7.Test Dictionary" line="79">
<kw name="Log To Console" library="BuiltIn" type="SETUP">
<arg>${EMPTY}</arg>
<doc>Logs the given message to the console.</doc>
<status status="PASS" starttime="20220526 10:50:24.428" endtime="20220526 10:50:24.430"/>
</kw>
<kw name="Create Dictionary" library="BuiltIn">
<var>&amp;{Diction}</var>
<arg>Alabama=Montgomery</arg>
<arg>Alaska=Juneau</arg>
<arg>Arizona=Phoenix</arg>
<arg>Arkansas=Little Rock</arg>
<arg>California=Sacramento</arg>
<arg>Colorado=Denver</arg>
<arg>Connecticut=Hartford</arg>
<arg>Delaware=Dover</arg>
<arg>Florida=Tallahassee</arg>
<arg>Georgia=Atlanta</arg>
<arg>Hawaii=Honolulu</arg>
<arg>Idaho=Boise</arg>
<arg>Illinios=Springfield</arg>
<arg>Indiana=Indianapolis</arg>
<arg>Iowa=Des Monies</arg>
<arg>Kansas=Topeka</arg>
<arg>Kentucky=Frankfort</arg>
<arg>Louisiana=Baton Rouge</arg>
<arg>Maine=Augusta</arg>
<arg>Maryland=Annapolis</arg>
<arg>Massachusetts=Boston</arg>
<arg>Michigan=Lansing</arg>
<arg>Minnesota=St. Paul</arg>
<arg>Mississippi=Jackson</arg>
<arg>Missouri=Jefferson City</arg>
<arg>Montana=Helena</arg>
<arg>Nebraska=Lincoln</arg>
<arg>Neveda=Carson City</arg>
<arg>New_Hampshire=Concord</arg>
<arg>New_Jersey=Trenton</arg>
<arg>New_Mexico=Santa Fe</arg>
<arg>New_York=Albany</arg>
<arg>North_Carolina=Raleigh</arg>
<arg>North_Dakota=Bismarck</arg>
<arg>Ohio=Columbus</arg>
<arg>Oklahoma=Oklahoma City</arg>
<arg>Oregon=Salem</arg>
<arg>Pennsylvania=Harrisburg</arg>
<arg>Rhoda_Island=Providence</arg>
<arg>South_Carolina=Columbia</arg>
<arg>South_Dakoda=Pierre</arg>
<arg>Tennessee=Nashville</arg>
<arg>Texas=Austin</arg>
<arg>Utah=Salt Lake City</arg>
<arg>Vermont=Montpelier</arg>
<arg>Virginia=Richmond</arg>
<arg>Washington=Olympia</arg>
<arg>West_Virginia=Charleston</arg>
<arg>Wisconsin=Madison</arg>
<arg>Wyoming=Cheyenne</arg>
<doc>Creates and returns a dictionary based on the given ``items``.</doc>
<msg timestamp="20220526 10:50:24.436" level="INFO">&amp;{Diction} = { Alabama=Montgomery | Alaska=Juneau | Arizona=Phoenix | Arkansas=Little Rock | California=Sacramento | Colorado=Denver | Connecticut=Hartford | Delaware=Dover | Florida=Tallahassee | Georgia=Atlanta ...</msg>
<status status="PASS" starttime="20220526 10:50:24.431" endtime="20220526 10:50:24.436"/>
</kw>
<kw name="Log To Console" library="BuiltIn">
<arg>${Diction.Wyoming}</arg>
<doc>Logs the given message to the console.</doc>
<status status="PASS" starttime="20220526 10:50:24.437" endtime="20220526 10:50:24.442"/>
</kw>
<tag>Dict</tag>
<status status="PASS" starttime="20220526 10:50:24.426" endtime="20220526 10:50:24.443"/>
</test>
<status status="PASS" starttime="20220526 10:50:23.947" endtime="20220526 10:50:24.451"/>
</suite>
<statistics>
<total>
<stat pass="1" fail="0" skip="0">All Tests</stat>
</total>
<tag>
<stat pass="1" fail="0" skip="0">Dict</stat>
</tag>
<suite>
<stat pass="1" fail="0" skip="0" id="s1" name="Testcase">Testcase</stat>
</suite>
</statistics>
<errors>
</errors>
</robot>
