<?xml version="1.0" encoding="UTF-8"?>
<robot generator="Robot 5.0 (Python 3.8.3 on win32)" generated="20220616 16:23:16.861" rpa="false" schemaversion="3">
<suite id="s1" name="Pos Traning" source="F:\eke\robotfr\Week6\pos_traning.robot">
<test id="s1-t1" name="Tc03" line="69">
<kw name="Fo Attach Window">
<kw name="Get Desktop Windows" library="WhiteLibrary">
<var>@{windows}</var>
<doc>Returns a list of windows on the desktop.</doc>
<msg timestamp="20220616 16:23:18.910" level="INFO">@{windows} = [ Inspect  (HWND: 0x001C0914) | POS Training | New 1 - FastStone Editor |  |  |  | pos_traning.robot - robotfr - Visual Studio Code [Administrator] | Basic Automates Test รุ่นที่ 2 | Microsoft Teams, ...</msg>
<status status="PASS" starttime="20220616 16:23:18.021" endtime="20220616 16:23:18.910"/>
</kw>
<for flavor="IN">
<var>${item}</var>
<value>@{windows}</value>
<iter>
<var name="${item}">Inspect  (HWND: 0x001C0914)</var>
<kw name="Log" library="BuiltIn">
<arg>${item}</arg>
<doc>Logs the given message with the given level.</doc>
<msg timestamp="20220616 16:23:18.941" level="INFO">Inspect  (HWND: 0x001C0914)</msg>
<status status="PASS" starttime="20220616 16:23:18.926" endtime="20220616 16:23:18.942"/>
</kw>
<kw name="Run Keyword And Return Status" library="BuiltIn">
<var>${status}</var>
<arg>Should Contain</arg>
<arg>${item.Title}</arg>
<arg>POS Training</arg>
<doc>Runs the given keyword with given arguments and returns the status as a Boolean value.</doc>
<kw name="Should Contain" library="BuiltIn">
<arg>${item.Title}</arg>
<arg>POS Training</arg>
<doc>Fails if ``container`` does not contain ``item`` one or more times.</doc>
<msg timestamp="20220616 16:23:18.955" level="FAIL">'Inspect  (HWND: 0x001C0914)' does not contain 'POS Training'</msg>
<msg timestamp="20220616 16:23:19.008" level="INFO">whitelib_screenshot_35.png</msg>
<msg timestamp="20220616 16:23:19.009" level="INFO" html="true">&lt;/td&gt;&lt;/tr&gt;&lt;tr&gt;&lt;td colspan="3"&gt;&lt;a href="whitelib_screenshot_35.png"&gt;&lt;img src="whitelib_screenshot_35.png" width="800px"&gt;&lt;/a&gt;</msg>
<status status="FAIL" starttime="20220616 16:23:18.942" endtime="20220616 16:23:18.956"/>
</kw>
<msg timestamp="20220616 16:23:19.160" level="INFO">${status} = False</msg>
<status status="PASS" starttime="20220616 16:23:18.942" endtime="20220616 16:23:19.161"/>
</kw>
<kw name="Run Keyword If" library="BuiltIn">
<var>${pos_window}</var>
<arg>${status}</arg>
<arg>Set variable</arg>
<arg>${item}</arg>
<doc>Runs the given keyword with the given arguments, if ``condition`` is true.</doc>
<msg timestamp="20220616 16:23:19.161" level="INFO">${pos_window} = None</msg>
<status status="PASS" starttime="20220616 16:23:19.161" endtime="20220616 16:23:19.161"/>
</kw>
<kw name="Exit For Loop If" library="BuiltIn">
<arg>${status}</arg>
<doc>Stops executing the enclosing FOR loop if the ``condition`` is true.</doc>
<status status="PASS" starttime="20220616 16:23:19.161" endtime="20220616 16:23:19.162"/>
</kw>
<status status="PASS" starttime="20220616 16:23:18.926" endtime="20220616 16:23:19.162"/>
</iter>
<iter>
<var name="${item}">POS Training</var>
<kw name="Log" library="BuiltIn">
<arg>${item}</arg>
<doc>Logs the given message with the given level.</doc>
<msg timestamp="20220616 16:23:19.302" level="INFO">POS Training</msg>
<status status="PASS" starttime="20220616 16:23:19.236" endtime="20220616 16:23:19.302"/>
</kw>
<kw name="Run Keyword And Return Status" library="BuiltIn">
<var>${status}</var>
<arg>Should Contain</arg>
<arg>${item.Title}</arg>
<arg>POS Training</arg>
<doc>Runs the given keyword with given arguments and returns the status as a Boolean value.</doc>
<kw name="Should Contain" library="BuiltIn">
<arg>${item.Title}</arg>
<arg>POS Training</arg>
<doc>Fails if ``container`` does not contain ``item`` one or more times.</doc>
<status status="PASS" starttime="20220616 16:23:19.302" endtime="20220616 16:23:19.369"/>
</kw>
<msg timestamp="20220616 16:23:19.369" level="INFO">${status} = True</msg>
<status status="PASS" starttime="20220616 16:23:19.302" endtime="20220616 16:23:19.369"/>
</kw>
<kw name="Run Keyword If" library="BuiltIn">
<var>${pos_window}</var>
<arg>${status}</arg>
<arg>Set variable</arg>
<arg>${item}</arg>
<doc>Runs the given keyword with the given arguments, if ``condition`` is true.</doc>
<kw name="Set Variable" library="BuiltIn">
<arg>${item}</arg>
<doc>Returns the given values which can then be assigned to a variables.</doc>
<status status="PASS" starttime="20220616 16:23:19.370" endtime="20220616 16:23:19.371"/>
</kw>
<msg timestamp="20220616 16:23:19.442" level="INFO">${pos_window} = POS Training</msg>
<status status="PASS" starttime="20220616 16:23:19.370" endtime="20220616 16:23:19.442"/>
</kw>
<kw name="Exit For Loop If" library="BuiltIn">
<arg>${status}</arg>
<doc>Stops executing the enclosing FOR loop if the ``condition`` is true.</doc>
<msg timestamp="20220616 16:23:19.443" level="INFO">Exiting for loop altogether.</msg>
<status status="PASS" starttime="20220616 16:23:19.443" endtime="20220616 16:23:19.443"/>
</kw>
<status status="PASS" starttime="20220616 16:23:19.236" endtime="20220616 16:23:19.443"/>
</iter>
<status status="PASS" starttime="20220616 16:23:18.913" endtime="20220616 16:23:19.443"/>
</for>
<kw name="Attach Window" library="WhiteLibrary">
<arg>${pos_window}</arg>
<doc>Attaches WhiteLibrary to a window.</doc>
<status status="PASS" starttime="20220616 16:23:19.444" endtime="20220616 16:23:19.445"/>
</kw>
<status status="PASS" starttime="20220616 16:23:18.021" endtime="20220616 16:23:19.446"/>
</kw>
<kw name="Create List" library="BuiltIn">
<var>${User}</var>
<arg>${tclogin.user}</arg>
<doc>Returns a list containing given items.</doc>
<msg timestamp="20220616 16:23:19.447" level="INFO">${User} = [[0, 1, 2, 3, 4, 5, 6]]</msg>
<status status="PASS" starttime="20220616 16:23:19.446" endtime="20220616 16:23:19.447"/>
</kw>
<kw name="Create List" library="BuiltIn">
<var>${pass}</var>
<arg>1</arg>
<arg>2</arg>
<arg>3</arg>
<arg>4</arg>
<arg>5</arg>
<arg>6</arg>
<arg>0</arg>
<doc>Returns a list containing given items.</doc>
<msg timestamp="20220616 16:23:19.448" level="INFO">${pass} = ['1', '2', '3', '4', '5', '6', '0']</msg>
<status status="PASS" starttime="20220616 16:23:19.447" endtime="20220616 16:23:19.448"/>
</kw>
<kw name="Input data to">
<arg>id:textUserName</arg>
<arg>@{tclogin.user}</arg>
<msg timestamp="20220616 16:23:19.449" level="FAIL">Keyword 'Input data to' expected 2 arguments, got 8.</msg>
<msg timestamp="20220616 16:23:19.503" level="INFO">whitelib_screenshot_36.png</msg>
<msg timestamp="20220616 16:23:19.505" level="INFO" html="true">&lt;/td&gt;&lt;/tr&gt;&lt;tr&gt;&lt;td colspan="3"&gt;&lt;a href="whitelib_screenshot_36.png"&gt;&lt;img src="whitelib_screenshot_36.png" width="800px"&gt;&lt;/a&gt;</msg>
<status status="FAIL" starttime="20220616 16:23:19.448" endtime="20220616 16:23:19.449"/>
</kw>
<kw name="Input data to">
<arg>id:textBox2</arg>
<arg>${pass}</arg>
<status status="NOT RUN" starttime="20220616 16:23:19.602" endtime="20220616 16:23:19.602"/>
</kw>
<kw name="Click Button" library="WhiteLibrary">
<arg>id:buttonEnter</arg>
<doc>Clicks a button.</doc>
<status status="NOT RUN" starttime="20220616 16:23:19.604" endtime="20220616 16:23:19.604"/>
</kw>
<kw name="InputbtnApp data to">
<arg>id:tbBarcode</arg>
<arg>robot</arg>
<status status="NOT RUN" starttime="20220616 16:23:19.606" endtime="20220616 16:23:19.607"/>
</kw>
<kw name="InputbtnApp data to">
<arg>id:tbBarcode</arg>
<arg>framework</arg>
<status status="NOT RUN" starttime="20220616 16:23:19.607" endtime="20220616 16:23:19.607"/>
</kw>
<kw name="InputbtnApp data to">
<arg>id:tbBarcode</arg>
<arg>debuglibrary</arg>
<status status="NOT RUN" starttime="20220616 16:23:19.608" endtime="20220616 16:23:19.608"/>
</kw>
<kw name="Check Get Text From Label">
<arg>id:total</arg>
<arg>3</arg>
<status status="NOT RUN" starttime="20220616 16:23:19.609" endtime="20220616 16:23:19.609"/>
</kw>
<kw name="Check Get Text From Label">
<arg>id:totalItems</arg>
<arg>6</arg>
<status status="NOT RUN" starttime="20220616 16:23:19.610" endtime="20220616 16:23:19.613"/>
</kw>
<kw name="Check Get Text From Label">
<arg>id:lblTotalPrice</arg>
<arg>60.00</arg>
<status status="NOT RUN" starttime="20220616 16:23:19.614" endtime="20220616 16:23:19.614"/>
</kw>
<tag>Tc3</tag>
<status status="FAIL" starttime="20220616 16:23:18.020" endtime="20220616 16:23:19.615">Keyword 'Input data to' expected 2 arguments, got 8.</status>
</test>
<status status="FAIL" starttime="20220616 16:23:16.875" endtime="20220616 16:23:19.618"/>
</suite>
<statistics>
<total>
<stat pass="0" fail="1" skip="0">All Tests</stat>
</total>
<tag>
<stat pass="0" fail="1" skip="0">Tc3</stat>
</tag>
<suite>
<stat pass="0" fail="1" skip="0" id="s1" name="Pos Traning">Pos Traning</stat>
</suite>
</statistics>
<errors>
<msg timestamp="20220616 16:23:16.876" level="ERROR">Error in file 'F:\eke\robotfr\Week6\pos_traning.robot' on line 6: Setting variable '' failed: Invalid variable name ''.</msg>
</errors>
</robot>
