<?xml version="1.0" encoding="UTF-8"?>
<robot generator="Robot 5.0 (Python 3.8.3 on win32)" generated="20220609 17:02:23.608" rpa="false" schemaversion="3">
<suite id="s1" name="Api" source="F:\eke\robotfr\week5\testcases\api.robot">
<test id="s1-t1" name="TC003 Create a new asset using keyword" line="57">
<kw name="Log To Console" library="BuiltIn" type="SETUP">
<arg>${EMPTY}</arg>
<doc>Logs the given message to the console.</doc>
<status status="PASS" starttime="20220609 17:02:24.326" endtime="20220609 17:02:24.329"/>
</kw>
<kw name="GET" library="RequestsLibrary">
<var>${response}</var>
<arg>url=${api_root_endpoint}</arg>
<arg>expected_status=200</arg>
<doc>Sends a GET request.</doc>
<msg timestamp="20220609 17:02:24.411" level="INFO">GET Request : url=http://125.26.15.143:8082/assets 
 path_url=/assets 
 headers={'User-Agent': 'python-requests/2.27.1', 'Accept-Encoding': 'gzip, deflate', 'Accept': '*/*', 'Connection': 'keep-alive'} 
 body=None 
 </msg>
<msg timestamp="20220609 17:02:24.411" level="INFO">GET Response : url=http://125.26.15.143:8082/assets 
 status=200, reason= 
 headers={'Doppio-Header': 'DoppioFamilyTraining', 'Content-Type': 'application/json', 'Transfer-Encoding': 'chunked', 'Date': 'Thu, 09 Jun 2022 10:02:24 GMT', 'Keep-Alive': 'timeout=60', 'Connection': 'keep-alive'} 
 body=[{"assetId":"a1","assetName":"Macbook Pro","assetType":1,"inUse":true},{"assetId":"a2","assetName":"Lenovo B112","assetType":2,"inUse":true},{"assetId":"a3","assetName":"Apple Iphone 11","assetType":3,"inUse":true},{"assetId":"a4","assetName":"Macbook Air","assetType":1,"inUse":true},{"assetId":"a5","assetName":"Xiaomi Mi6","assetType":4,"inUse":true},{"assetId":"a99c","assetName":"Macpro m1","assetType":1,"inUse":true},{"assetId":"dew","assetName":"car","assetType":1,"inUse":false},{"assetId":"dew01","assetName":"TV","assetType":1,"inUse":false},{"assetId":"dew02","assetName":"car","assetType":1,"inUse":true},{"assetId":"Pond","assetName":"Model","assetType":1,"inUse":true},{"assetId":"Frong","assetName":"iPhone","assetType":1,"inUse":true},{"assetId":"Nick","assetName":"Ipad Pro","assetType":1,"inUse":false},{"assetId":"lun2","assetName":"","assetType":2,"inUse":true},{"assetId":"","assetName":"Lun Macpro m1","assetType":1,"inUse":true},{"assetId":"add","assetName":"123124123","assetType":1,"inUse":true},{"assetId":"II","assetName":"II","assetType":1,"inUse":true},{"assetId":"I4I","assetName":"I4I","assetType":1,"inUse":true},{"assetId":"test","assetName":"mod test","assetType":1,"inUse":true},{"assetId":"HAHA","assetName":"MAMAMIYA","assetType":1,"inUse":true},{"assetId":"HAIYA","assetName":"HAIYA","assetType":1,"inUse":true},{"assetId":"22","assetName":"HAIYA","assetType":1,"inUse":true},{"assetId":"Eve","assetName":"My's Macpro m1","assetType":1,"inUse":false},{"assetId":"NAMI","assetName":"","assetType":1,"inUse":true},{"assetId":"sdf","assetName":"","assetType":1,"inUse":true},{"assetId":"?","assetName":"","assetType":2,"inUse":true},{"assetId":"::","assetName":"ssa","assetType":1,"inUse":true},{"assetId":"Test1","assetName":"Macpro m1","assetType":21,"inUse":true},{"assetId":"12","assetName":"Macpro m1","assetType":1,"inUse":true},{"assetId":"a998","assetName":"DaoTest","assetType":1,"inUse":true},{"assetId":"a904","assetName":"Macpro m1","assetType":1,"inUse":true},{"assetId":"a3310","assetName":"Nokia 3310","assetType":1,"inUse":true},{"assetId":"a09c","assetName":"Macpro m1","assetType":1,"inUse":true},{"assetId":"a90y","assetName":"Macpro m1","assetType":1,"inUse":true},{"assetId":"a99c5","assetName":"Macpro m1","assetType":1,"inUse":true},{"assetId":"a030c","assetName":"Macpro m1","assetType":1,"inUse":true},{"assetId":"thitipat_1","assetName":"Iphone 11 Pro Max Update","assetType":1,"inUse":true},{"assetId":"a88","assetName":"Macpro mm1","assetType":1,"inUse":true},{"assetId":"ree_1","assetName":"Macpro m1","assetType":1,"inUse":true},{"assetId":"reena_create","assetName":"reena=reena mac","assetType":1,"inUse":true},{"assetId":"reena_create1","assetName":"reena mac","assetType":1,"inUse":true},{"assetId":"pokemon","assetName":"Pikachu","assetType":1,"inUse":true},{"assetId":"reena_creat","assetName":"reena mac","assetType":1,"inUse":false},{"assetId":"aeksuwat_create","assetName":"aeksuwat thamasukwarit","assetType":0,"inUse":true},{"assetId":"Sasithorn_Create1","assetName":null,"assetType":1,"inUse":true},{"assetId":"Supisara_creat1","assetName":"reena mac","assetType":1,"inUse":false},{"assetId":"nitsa_1","assetName":"HP Pro Book","assetType":1,"inUse":true},{"assetId":"Chanicha_create","assetName":"Chanicha mac","assetType":1,"inUse":true},{"assetId":"reena_create2","assetName":"reena mac","assetType":1,"inUse":true},{"assetId":"reena_create3","assetName":"reena mac","assetType":1,"inUse":true},{"assetId":"aomruthai_create","assetName":"Aomruthai N.","assetType":1,"inUse":true},{"assetId":"Chanicha","assetName":"Chanicha mac","assetType":1,"inUse":true},{"assetId":"julalak_1","assetName":"Macbook Pro","assetType":1,"inUse":true},{"assetId":"Supisara","assetName":"Mahaboon mac","assetType":1,"inUse":false},{"assetId":"nitsa_2","assetName":"HP Pro Book","assetType":1,"inUse":true},{"assetId":"aomruthai_create3","assetName":"Aomruthai N.","assetType":1,"inUse":true},{"assetId":"kamolwan_create","assetName":"kamolwan_HP","assetType":1,"inUse":true},{"assetId":"sasakorn_create","assetName":"Macpro","assetType":1,"inUse":true},{"assetId":"ABC","assetName":"WOWWOW","assetType":1,"inUse":true},{"assetId":"wanlayapir","assetName":"dell","assetType":1,"inUse":false},{"assetId":"nipaphorn_create","assetName":"nipaphorn win","assetType":1,"inUse":true},{"assetId":"SupisaraF","assetName":"Mahaboon mac","assetType":1,"inUse":false},{"assetId":"nipaphorn_1","assetName":"nipaphorn win","assetType":1,"inUse":true},{"assetId":"Pornchanok_2","assetName":"Test02","assetType":1,"inUse":true},{"assetId":"sasakorn_create1","assetName":"Macpro","assetType":1,"inUse":true},{"assetId":"sasakorn_create2","assetName":"Macpro","assetType":1,"inUse":true},{"assetId":"natchayapon_create99","assetName":"test","assetType":1,"inUse":true},{"assetId":"ABCD","assetName":"WOWWOW2","assetType":1,"inUse":true},{"assetId":"kamolwan","assetName":"kamolwan_HP","assetType":1,"inUse":true},{"assetId":"wanlayapir_update","assetName":"dell","assetType":1,"inUse":false},{"assetId":"Jedsadadech_create1","assetName":"eggkhai","assetType":1,"inUse":true},{"assetId":"reena_create4","assetName":"reena mac","assetType":1,"inUse":true},{"assetId":"Thanradee","assetName":"Thanradee mac","assetType":1,"inUse":true},{"assetId":"ABCDE","assetName":"TEST API","assetType":1,"inUse":true},{"assetId":"nipaphorn_2","assetName":"nipaphorn win","assetType":1,"inUse":true},{"assetId":"nipaphorn_3","assetName":"nipaphorn win","assetType":1,"inUse":true},{"assetId":"SupisaraP","assetName":"Mahaboon mac","assetType":1,"inUse":false},{"assetId":"sasakorn_create3","assetName":"Macpro","assetType":1,"inUse":true},{"assetId":"Sasithorn_Create2","assetName":"Macpro asset","assetType":1,"inUse":true},{"assetId":"aeksuwat_create2","assetName":"aeksuwat thamasukwarit create2","assetType":0,"inUse":true},{"assetId":"sasakorn_create4","assetName":"Macpro","assetType":1,"inUse":true},{"assetId":"nipaphorn_4","assetName":"nipaphorn","assetType":1,"inUse":true},{"assetId":"aomruthai_create4","assetName":"Aomruthai N.","assetType":1,"inUse":true},{"assetId":"aeksuwat_create3","assetName":"aeksuwat thamasukwarit create3","assetType":0,"inUse":true},{"assetId":"aomruthai_create5","assetName":"Aomruthai N.","assetType":1,"inUse":true},{"assetId":"Supisara_Update","assetName":"Mahaboon Mac","assetType":1,"inUse":false},{"assetId":"nipaphorn_5","assetName":"nipaphorn win","assetType":1,"inUse":true},{"assetId":"Sasithorn_Create3","assetName":"Macpro asset","assetType":1,"inUse":true},{"assetId":"aomruthai_create6","assetName":"Aomruthai N.","assetType":1,"inUse":true},{"assetId":"nipaphorn_6","assetName":"nipaphorn win","assetType":1,"inUse":true},{"assetId":"sasakorn_create5","assetName":"Macpro","assetType":1,"inUse":true},{"assetId":"aomruthai_create7","assetName":"Aomruthai N.","assetType":1,"inUse":true},{"assetId":"natchayapon_create02","assetName":"test02","assetType":1,"inUse":true},{"assetId":"nipaphorn_7","assetName":"nipaphorn win","assetType":1,"inUse":true},{"assetId":"nitsa_3","assetName":"HP Pro Book","assetType":1,"inUse":true},{"assetId":"kamolwan_create01","assetName":"kamolwan_HP","assetType":1,"inUse":true},{"assetId":"sirintra_3","assetName":"Macpro m1 sirintra","assetType":1,"inUse":true},{"assetId":"nipaphorn_8","assetName":"nipaphorn win","assetType":1,"inUse":true},{"assetId":"JOHN","assetName":"SON","assetType":1,"inUse":true},{"assetId":"Sasithorn_Create4","assetName":"Macpro asset","assetType":1,"inUse":true},{"assetId":"nitsa_4","assetName":"HP Pro Book","assetType":1,"inUse":true},{"assetId":"Supisara_Update01","assetName":"Mahaboon Mac","assetType":1,"inUse":false},{"assetId":"nipaphorn_9","assetName":"nipaphorn win","assetType":1,"inUse":true},{"assetId":"aeksuwat_create4","assetName":"aeksuwat thamasukwarit create4","assetType":1,"inUse":true},{"assetId":"aeksuwat_create5","assetName":"aeksuwat thamasukwarit create4","assetType":1,"inUse":true},{"assetId":"natchayapon_create01","assetName":"test01","assetType":1,"inUse":true},{"assetId":"Chanicha_2","assetName":"Chanicha mac","assetType":1,"inUse":true},{"assetId":"dao_1","assetName":"Dao Test Asset","assetType":1,"inUse":true},{"assetId":"sasakorn_create6","assetName":"Macpro","assetType":1,"inUse":true},{"assetId":"Supisara_Update02","assetName":"Mahaboon mac","assetType":1,"inUse":false},{"assetId":"Jedsadadech_create2","assetName":"eggkhaiwan","assetType":1,"inUse":true},{"assetId":"wanlayapir_update1","assetName":"dell","assetType":1,"inUse":false},{"assetId":"Supisara_Update03","assetName":"mac","assetType":1,"inUse":false},{"assetId":"Jedsadadech_create3","assetName":"eggkhaiwan","assetType":1,"inUse":true},{"assetId":"Supisara_Update07","assetName":"mac","assetType":1,"inUse":false},{"assetId":"nipaphorn_10","assetName":"nipaphorn win","assetType":1,"inUse":true},{"assetId":"pty01","assetName":"jm","assetType":1,"inUse":true},{"assetId":"Pornchanok_3","assetName":"Test03","assetType":1,"inUse":true},{"assetId":"Kumakuma","assetName":"mac","assetType":1,"inUse":false},{"assetId":"nitsa_5","assetName":"HP Pro Book","assetType":1,"inUse":true},{"assetId":"Kumakuma1","assetName":"mac","assetType":1,"inUse":false},{"assetId":"Kumakuma2","assetName":"mac_02","assetType":1,"inUse":false},{"assetId":"noona1212","assetName":"jungkok97","assetType":1,"inUse":true},{"assetId":"Kumakuma009","assetName":"mac_02","assetType":1,"inUse":false},{"assetId":"Kumakuma010","assetName":"mac_02","assetType":1,"inUse":false},{"assetId":"Kumakuma011","assetName":"mac_011","assetType":1,"inUse":false},{"assetId":"Kumakuma012","assetName":"mac_012","assetType":1,"inUse":false},{"assetId":"wanlayapir_update2","assetName":"dell","assetType":1,"inUse":false},{"assetId":"Sompron","assetName":"MA mac","assetType":1,"inUse":true},{"assetId":"Sornthai","assetName":"Sornthai PC","assetType":1,"inUse":true},{"assetId":"wanlayapir1","assetName":"dell","assetType":1,"inUse":true},{"assetId":"wanlayapir3","assetName":"dell3",... (set the log level to DEBUG or TRACE to see the full content) 
 </msg>
<msg timestamp="20220609 17:02:24.415" level="INFO">${response} = &lt;Response [200]&gt;</msg>
<status status="PASS" starttime="20220609 17:02:24.330" endtime="20220609 17:02:24.415"/>
</kw>
<kw name="Get Value From Json" library="JSONLibrary">
<var>${asset_data}</var>
<arg>${response.json()}</arg>
<arg>$[?(@.assetId=='Nakarin_6')]</arg>
<doc>Get Value From JSON using JSONPath</doc>
<msg timestamp="20220609 17:02:24.469" level="INFO">${asset_data} = [{'assetId': 'Nakarin_6', 'assetName': 'Sueakanong', 'assetType': 1, 'inUse': True}]</msg>
<status status="PASS" starttime="20220609 17:02:24.416" endtime="20220609 17:02:24.469"/>
</kw>
<kw name="Convert To String" library="BuiltIn">
<var>${asset_data1}</var>
<arg>${asset_data}</arg>
<doc>Converts the given item to a Unicode string.</doc>
<msg timestamp="20220609 17:02:24.471" level="INFO">${asset_data1} = [{'assetId': 'Nakarin_6', 'assetName': 'Sueakanong', 'assetType': 1, 'inUse': True}]</msg>
<status status="PASS" starttime="20220609 17:02:24.470" endtime="20220609 17:02:24.471"/>
</kw>
<kw name="Decode" library="Testbase64">
<var>${data1}</var>
<arg>${asset_data1}</arg>
<msg timestamp="20220609 17:02:24.472" level="INFO">${data1} = W3snYXNzZXRJZCc6ICdOYWthcmluXzYnLCAnYXNzZXROYW1lJzogJ1N1ZWFrYW5vbmcnLCAnYXNzZXRUeXBlJzogMSwgJ2luVXNlJzogVHJ1ZX1d</msg>
<status status="PASS" starttime="20220609 17:02:24.472" endtime="20220609 17:02:24.472"/>
</kw>
<kw name="Log To Console" library="BuiltIn">
<arg>Decode : ${data1}</arg>
<doc>Logs the given message to the console.</doc>
<status status="PASS" starttime="20220609 17:02:24.473" endtime="20220609 17:02:24.474"/>
</kw>
<kw name="Encode" library="Testbase64">
<var>${data2}</var>
<arg>${data1}</arg>
<msg timestamp="20220609 17:02:24.475" level="INFO">${data2} = [{'assetId': 'Nakarin_6', 'assetName': 'Sueakanong', 'assetType': 1, 'inUse': True}]</msg>
<status status="PASS" starttime="20220609 17:02:24.474" endtime="20220609 17:02:24.475"/>
</kw>
<kw name="Log To Console" library="BuiltIn">
<arg>encode : ${data2}</arg>
<doc>Logs the given message to the console.</doc>
<status status="PASS" starttime="20220609 17:02:24.476" endtime="20220609 17:02:24.476"/>
</kw>
<doc>Create new asset by define body with user define keyword</doc>
<tag>003</tag>
<status status="PASS" starttime="20220609 17:02:24.325" endtime="20220609 17:02:24.478"/>
</test>
<status status="PASS" starttime="20220609 17:02:23.622" endtime="20220609 17:02:24.481"/>
</suite>
<statistics>
<total>
<stat pass="1" fail="0" skip="0">All Tests</stat>
</total>
<tag>
<stat pass="1" fail="0" skip="0">003</stat>
</tag>
<suite>
<stat pass="1" fail="0" skip="0" id="s1" name="Api">Api</stat>
</suite>
</statistics>
<errors>
</errors>
</robot>
