<?xml version="1.0" encoding="UTF-8"?>
<robot generator="Robot 5.0.1 (Python 3.7.4 on win32)" generated="20220526 18:01:48.023" rpa="false" schemaversion="3">
<suite id="s1" name="Tc 01" source="D:\eke\robotfr\week3\Testcases\Tc_01.robot">
<test id="s1-t1" name="TC_01" line="4">
<kw name="Open ebay website" library="common">
<kw name="Open Browser" library="SeleniumLibrary">
<arg>${browser['url']}</arg>
<arg>${browser['type']}</arg>
<doc>Opens a new browser instance to the optional ``url``.</doc>
<msg timestamp="20220526 18:01:48.624" level="INFO">Opening browser 'chrome' to base url 'https://www.ebay.com'.</msg>
<status status="PASS" starttime="20220526 18:01:48.620" endtime="20220526 18:01:57.018"/>
</kw>
<kw name="Wait Until Element Is Visible" library="SeleniumLibrary">
<arg>${main_content}</arg>
<arg>30s</arg>
<doc>Waits until the element ``locator`` is visible.</doc>
<status status="PASS" starttime="20220526 18:01:57.018" endtime="20220526 18:01:57.138"/>
</kw>
<status status="PASS" starttime="20220526 18:01:48.619" endtime="20220526 18:01:57.138"/>
</kw>
<kw name="Search product by Keyword" library="home_page">
<arg>${tc_01['search_keyword']}</arg>
<kw name="Input text by locator" library="common">
<arg>${search_text}</arg>
<arg>${keyword}</arg>
<kw name="Input Text" library="SeleniumLibrary">
<arg>${locator}</arg>
<arg>${keyword}</arg>
<doc>Types the given ``text`` into the text field identified by ``locator``.</doc>
<msg timestamp="20220526 18:01:57.145" level="INFO">Typing text 'Test' into text field 'id=gh-ac'.</msg>
<status status="PASS" starttime="20220526 18:01:57.144" endtime="20220526 18:01:57.391"/>
</kw>
<status status="PASS" starttime="20220526 18:01:57.143" endtime="20220526 18:01:57.392"/>
</kw>
<kw name="Click element by locator" library="common">
<arg>${search_button}</arg>
<kw name="Click Element" library="SeleniumLibrary">
<arg>${locator}</arg>
<doc>Click the element identified by ``locator``.</doc>
<msg timestamp="20220526 18:01:57.395" level="INFO">Clicking element 'id=gh-btn'.</msg>
<status status="PASS" starttime="20220526 18:01:57.394" endtime="20220526 18:02:09.680"/>
</kw>
<status status="PASS" starttime="20220526 18:01:57.392" endtime="20220526 18:02:09.680"/>
</kw>
<status status="PASS" starttime="20220526 18:01:57.140" endtime="20220526 18:02:09.681"/>
</kw>
<kw name="Wait Until Element Is Visible" library="SeleniumLibrary">
<arg>xpath=//div[@id='mainContent']//li[contains(@class,'s-item')]</arg>
<doc>Waits until the element ``locator`` is visible.</doc>
<status status="PASS" starttime="20220526 18:02:09.682" endtime="20220526 18:02:09.897"/>
</kw>
<kw name="Get Text" library="SeleniumLibrary">
<var>${result}</var>
<arg>//h1[@class='srp-controls__count-heading']//span[2]</arg>
<doc>Returns the text value of the element identified by ``locator``.</doc>
<msg timestamp="20220526 18:02:10.018" level="INFO">${result} = test</msg>
<status status="PASS" starttime="20220526 18:02:09.898" endtime="20220526 18:02:10.018"/>
</kw>
<kw name="Should Be Equal" library="BuiltIn">
<arg>speaker</arg>
<arg>${result}</arg>
<doc>Fails if the given objects are unequal.</doc>
<msg timestamp="20220526 18:02:10.025" level="FAIL">speaker != test</msg>
<status status="FAIL" starttime="20220526 18:02:10.022" endtime="20220526 18:02:10.025"/>
</kw>
<kw name="Get WebElements" library="SeleniumLibrary">
<var>${all_products}</var>
<arg>//div[@id='srp-river-results']//h3[@class='s-item__title']</arg>
<doc>Returns a list of WebElement objects matching the ``locator``.</doc>
<status status="NOT RUN" starttime="20220526 18:02:10.041" endtime="20220526 18:02:10.041"/>
</kw>
<for flavor="IN">
<var>${product}</var>
<value>@{all_products}</value>
<iter>
<var name="${product}"/>
<kw name="Get Text" library="SeleniumLibrary">
<var>${each_product}</var>
<arg>${product}</arg>
<doc>Returns the text value of the element identified by ``locator``.</doc>
<status status="NOT RUN" starttime="20220526 18:02:10.044" endtime="20220526 18:02:10.045"/>
</kw>
<kw name="Log To Console" library="BuiltIn">
<arg>${each_product}</arg>
<doc>Logs the given message to the console.</doc>
<status status="NOT RUN" starttime="20220526 18:02:10.047" endtime="20220526 18:02:10.047"/>
</kw>
<status status="NOT RUN" starttime="20220526 18:02:10.043" endtime="20220526 18:02:10.048"/>
</iter>
<status status="NOT RUN" starttime="20220526 18:02:10.043" endtime="20220526 18:02:10.048"/>
</for>
<kw name="Close browser" library="common">
<status status="NOT RUN" starttime="20220526 18:02:10.053" endtime="20220526 18:02:10.053"/>
</kw>
<tag>no_structures</tag>
<status status="FAIL" starttime="20220526 18:01:48.618" endtime="20220526 18:02:10.072">speaker != test</status>
</test>
<status status="FAIL" starttime="20220526 18:01:48.031" endtime="20220526 18:02:10.094"/>
</suite>
<statistics>
<total>
<stat pass="0" fail="1" skip="0">All Tests</stat>
</total>
<tag>
<stat pass="0" fail="1" skip="0">no_structures</stat>
</tag>
<suite>
<stat pass="0" fail="1" skip="0" id="s1" name="Tc 01">Tc 01</stat>
</suite>
</statistics>
<errors>
</errors>
</robot>
