<?xml version="1.0" encoding="UTF-8"?>
<robot generator="Robot 5.0 (Python 3.8.3 on win32)" generated="20220609 18:16:03.514" rpa="false" schemaversion="3">
<suite id="s1" name="Testconnection" source="F:\eke\robotfr\week5\testconnection.robot">
<test id="s1-t1" name="Test03 Delete Asset" line="47">
<kw name="Run Keywords" library="BuiltIn" type="SETUP">
<arg>Connect to db</arg>
<doc>Executes all the given keywords in a sequence.</doc>
<kw name="Connect to db">
<kw name="Connect To Database Using Custom Params" library="DatabaseLibrary">
<arg>${db_type}</arg>
<arg>${connection_string}</arg>
<doc>Loads the DB API 2.0 module given `dbapiModuleName` then uses it to
connect to the database using the map string `db_custom_param_string`.</doc>
<msg timestamp="20220609 18:16:03.673" level="INFO">Executing : Connect To Database Using Custom Params : pymssql.connect(db_api_2.connect('125.26.15.143:1433','sa','MyPass@word')) </msg>
<status status="PASS" starttime="20220609 18:16:03.603" endtime="20220609 18:16:03.889"/>
</kw>
<kw name="Log To Console" library="BuiltIn">
<arg>Connected to db successfully</arg>
<doc>Logs the given message to the console.</doc>
<status status="PASS" starttime="20220609 18:16:03.889" endtime="20220609 18:16:03.890"/>
</kw>
<status status="PASS" starttime="20220609 18:16:03.603" endtime="20220609 18:16:03.890"/>
</kw>
<status status="PASS" starttime="20220609 18:16:03.602" endtime="20220609 18:16:03.890"/>
</kw>
<kw name="Catenate" library="BuiltIn">
<var>${query}</var>
<arg>DELETE master.dbo.Assets</arg>
<arg>where asset_id = 26</arg>
<doc>Catenates the given items together and returns the resulted string.</doc>
<msg timestamp="20220609 18:16:03.891" level="INFO">${query} = DELETE master.dbo.Assets where asset_id = 26</msg>
<status status="PASS" starttime="20220609 18:16:03.891" endtime="20220609 18:16:03.891"/>
</kw>
<kw name="Execute Sql String" library="DatabaseLibrary">
<var>@{result}</var>
<arg>${query}</arg>
<doc>Executes the sqlString as SQL commands. Useful to pass arguments to your sql. Set optional input `sansTran` to
True to run command without an explicit transaction commit or rollback.</doc>
<msg timestamp="20220609 18:16:03.892" level="INFO">Executing : Execute SQL String  |  DELETE master.dbo.Assets where asset_id = 26 </msg>
<msg timestamp="20220609 18:16:03.949" level="INFO">@{result} = [ ]</msg>
<status status="PASS" starttime="20220609 18:16:03.892" endtime="20220609 18:16:03.949"/>
</kw>
<kw name="Catenate" library="BuiltIn">
<var>${query}</var>
<arg>Select *</arg>
<arg>from master.dbo.Assets</arg>
<arg>where asset_id = 26</arg>
<doc>Catenates the given items together and returns the resulted string.</doc>
<msg timestamp="20220609 18:16:03.950" level="INFO">${query} = Select * from master.dbo.Assets where asset_id = 26</msg>
<status status="PASS" starttime="20220609 18:16:03.950" endtime="20220609 18:16:03.951"/>
</kw>
<kw name="Query" library="DatabaseLibrary">
<var>@{result}</var>
<arg>${query}</arg>
<doc>Uses the input `selectStatement` to query for the values that will be returned as a list of tuples. Set optional
input `sansTran` to True to run command without an explicit transaction commit or rollback.
Set optional input `returnAsDict` to True to return values as a list of dictionaries.</doc>
<msg timestamp="20220609 18:16:03.952" level="INFO">Executing : Query  |  Select * from master.dbo.Assets where asset_id = 26 </msg>
<msg timestamp="20220609 18:16:03.986" level="INFO">@{result} = [ ]</msg>
<status status="PASS" starttime="20220609 18:16:03.951" endtime="20220609 18:16:03.986"/>
</kw>
<kw name="Log To Console" library="BuiltIn">
<arg>${result}</arg>
<doc>Logs the given message to the console.</doc>
<status status="PASS" starttime="20220609 18:16:03.991" endtime="20220609 18:16:03.992"/>
</kw>
<kw name="Should Be Empty" library="BuiltIn">
<arg>${result}</arg>
<doc>Verifies that the given item is empty.</doc>
<msg timestamp="20220609 18:16:03.994" level="INFO">Length is 0</msg>
<status status="PASS" starttime="20220609 18:16:03.994" endtime="20220609 18:16:03.994"/>
</kw>
<kw name="Disconnect db" type="TEARDOWN">
<kw name="Disconnect From Database" library="DatabaseLibrary">
<doc>Disconnects from the database.</doc>
<msg timestamp="20220609 18:16:03.996" level="INFO">Executing : Disconnect From Database</msg>
<status status="PASS" starttime="20220609 18:16:03.996" endtime="20220609 18:16:03.997"/>
</kw>
<kw name="Sleep" library="BuiltIn">
<arg>3s</arg>
<doc>Pauses the test executed for the given time.</doc>
<msg timestamp="20220609 18:16:07.008" level="INFO">Slept 3 seconds</msg>
<status status="PASS" starttime="20220609 18:16:03.997" endtime="20220609 18:16:07.008"/>
</kw>
<kw name="Log To Console" library="BuiltIn">
<arg>Disconnected Database successfully</arg>
<doc>Logs the given message to the console.</doc>
<status status="PASS" starttime="20220609 18:16:07.008" endtime="20220609 18:16:07.009"/>
</kw>
<status status="PASS" starttime="20220609 18:16:03.995" endtime="20220609 18:16:07.010"/>
</kw>
<tag>003</tag>
<status status="PASS" starttime="20220609 18:16:03.601" endtime="20220609 18:16:07.010"/>
</test>
<status status="PASS" starttime="20220609 18:16:03.529" endtime="20220609 18:16:07.013"/>
</suite>
<statistics>
<total>
<stat pass="1" fail="0" skip="0">All Tests</stat>
</total>
<tag>
<stat pass="1" fail="0" skip="0">003</stat>
</tag>
<suite>
<stat pass="1" fail="0" skip="0" id="s1" name="Testconnection">Testconnection</stat>
</suite>
</statistics>
<errors>
<msg timestamp="20220609 18:16:03.472" level="ERROR">Error in file 'F:\eke\robotfr\week5\testconnection.robot' on line 5: Non-existing setting 'AND'.</msg>
</errors>
</robot>
